<?xml version="1.0" encoding="UTF-8"?>
<!-- Generated by org.testng.reporters.JUnitReportReporter -->
<testsuite skipped="0" hostname="DESKTOP-96NNTLC" name="TestNGTutorial._02Basics2" tests="1" failures="0" timestamp="2022-09-15T21:24:33 IST" time="0.002" errors="0">
  <testcase name="test3" time="0.002" classname="TestNGTutorial._02Basics2"/>
  <system-out/>
</testsuite> <!-- TestNGTutorial._02Basics2 -->
