<?xml version="1.0" encoding="UTF-8"?>
<!-- Generated by org.testng.reporters.JUnitReportReporter -->
<testsuite skipped="0" hostname="DESKTOP-96NNTLC" name="TestNGTutorial._03HomeLoan" tests="8" failures="0" timestamp="2022-09-23T22:43:25 IST" time="0.123" errors="0">
  <testcase name="homeLoanWebLogin" time="0.005" classname="TestNGTutorial._03HomeLoan"/>
  <system-out/>
  <testcase name="homeLoanMobileLogin" time="0.010" classname="TestNGTutorial._03HomeLoan"/>
  <system-out/>
  <testcase name="homeLoanWebLogin" time="0.004" classname="TestNGTutorial._03HomeLoan"/>
  <system-out/>
  <testcase name="homeLoanWebLogin" time="0.008" classname="TestNGTutorial._03HomeLoan"/>
  <system-out/>
  <testcase name="homeLoanWebLogin" time="0.019" classname="TestNGTutorial._03HomeLoan"/>
  <system-out/>
  <testcase name="homeLoanWebLogin" time="0.013" classname="TestNGTutorial._03HomeLoan"/>
  <system-out/>
  <testcase name="homeLoanMobileLogin" time="0.060" classname="TestNGTutorial._03HomeLoan"/>
  <system-out/>
  <testcase name="homeLoanWebLogin" time="0.004" classname="TestNGTutorial._03HomeLoan"/>
  <system-out/>
</testsuite> <!-- TestNGTutorial._03HomeLoan -->
