<?xml version="1.0" encoding="UTF-8"?>
<!-- Generated by org.testng.reporters.JUnitReportReporter -->
<testsuite skipped="0" hostname="DESKTOP-96NNTLC" name="TestNGTutorial._01basics" tests="2" failures="0" timestamp="2022-09-15T21:24:33 IST" time="0.016" errors="0">
  <testcase name="test1" time="0.013" classname="TestNGTutorial._01basics"/>
  <system-out/>
  <testcase name="test2" time="0.003" classname="TestNGTutorial._01basics"/>
  <system-out/>
</testsuite> <!-- TestNGTutorial._01basics -->
