<?xml version="1.0" encoding="UTF-8"?>
<!-- Generated by org.testng.reporters.JUnitReportReporter -->
<testsuite skipped="2" hostname="DESKTOP-96NNTLC" name="TestNGTutorial._01BikeLoan" tests="3" failures="0" timestamp="2022-09-23T22:43:25 IST" time="0.009" errors="0">
  <testcase name="bikeWebLogin" time="0.009" classname="TestNGTutorial._01BikeLoan"/>
  <system-out/>
  <testcase name="bikeMobileLogin" classname="TestNGTutorial._01BikeLoan">
    <skipped/>
  </testcase> <!-- bikeMobileLogin -->
  <system-out/>
  <testcase name="bikeMobileLogin" classname="TestNGTutorial._01BikeLoan">
    <skipped/>
  </testcase> <!-- bikeMobileLogin -->
  <system-out/>
</testsuite> <!-- TestNGTutorial._01BikeLoan -->
